2022-12-01 00:20:29,538 INFO com.revature.Server [JettyServerThreadPool-39] Request at URL http://localhost:8081/users/3/update-role/2 has started.
2022-12-01 00:20:33,935 INFO com.revature.Server [JettyServerThreadPool-27] Request at URL http://localhost:8081/login has started.
2022-12-01 00:20:33,953 INFO com.revature.dao.UserDaoImpl [JettyServerThreadPool-27] Our query to retrieve user: 
SELECT * FROM "User" WHERE "UserName" = 'mock';
2022-12-01 00:20:46,744 INFO com.revature.Server [JettyServerThreadPool-37] Request at URL http://localhost:8081/users/3/update-role/2 has started.
2022-12-01 00:20:46,750 INFO com.revature.dao.UserDaoImpl [JettyServerThreadPool-37] Our query to update user: 
UPDATE "User" SET ( "RoleId", "PasswordHash", "LastName", "Email", "FirstName", "UserName")
            = (2, 'null', 'null', 'null', 'null', 'null') WHERE "UserId" = 3;
2022-12-01 00:22:28,888 INFO com.revature.Server [JettyServerThreadPool-39] Request at URL http://localhost:8081/users has started.
2022-12-01 00:22:29,144 INFO com.revature.dao.UserDaoImpl [JettyServerThreadPool-39] Our query to create user: 
INSERT INTO "User" ( "RoleId", "PasswordHash", "LastName", "Email", "FirstName", "UserName")
            VALUES (1, '202cB962Ac59075b964b07152d234b70', 'doe', 'doeDoe@rev.net', 'tired', 'mock4') RETURNING "UserId";
2022-12-01 00:24:19,204 INFO com.revature.Server [JettyServerThreadPool-40] Request at URL http://localhost:8081/users/:userId/update-profile has started.
2022-12-01 00:24:39,878 INFO com.revature.Server [JettyServerThreadPool-24] Request at URL http://localhost:8081/login has started.
2022-12-01 00:24:39,892 INFO com.revature.dao.UserDaoImpl [JettyServerThreadPool-24] Our query to retrieve user: 
SELECT * FROM "User" WHERE "UserName" = 'mock4';
2022-12-01 00:24:47,238 INFO com.revature.Server [JettyServerThreadPool-26] Request at URL http://localhost:8081/users/:userId/update-profile has started.
2022-12-01 00:24:47,244 INFO com.revature.dao.UserDaoImpl [JettyServerThreadPool-26] Our query to update user: 
UPDATE "User" SET ("PasswordHash", "LastName", "Email", "FirstName", "UserName")
 = ('202cB962Ac59075b964b07152d234b70', 'doe', 'tiredDoe@rev.net', 'tired^2', 'mock5') WHERE "UserId" = 5;
2022-12-01 00:25:41,748 INFO com.revature.Server [JettyServerThreadPool-27] Request at URL http://localhost:8081/users/:userId/update-profile has started.
2022-12-01 00:25:41,753 INFO com.revature.dao.UserDaoImpl [JettyServerThreadPool-27] Our query to update user: 
UPDATE "User" SET ("PasswordHash", "LastName", "Email", "FirstName", "UserName")
 = ('202cB962Ac59075b964b07152d234b70', 'doe', 'tiredDoe@rev.net', 'tired^2', 'mock5') WHERE "UserId" = 5;
2022-12-01 00:25:49,867 INFO com.revature.Server [JettyServerThreadPool-27] Request at URL http://localhost:8081/users/:userId/update-profile has started.
2022-12-01 00:25:49,873 INFO com.revature.dao.UserDaoImpl [JettyServerThreadPool-27] Our query to update user: 
UPDATE "User" SET ("PasswordHash", "LastName", "Email", "FirstName", "UserName")
 = ('202cB962Ac59075b964b07152d234b70', 'doe', 'tiredDoe@rev.net', 'tired^2', 'mock5') WHERE "UserId" = 5;
2022-12-01 00:52:26,124 INFO com.revature.Server [JettyServerThreadPool-39] Request at URL http://localhost:8081/login has started.
2022-12-01 00:52:26,150 INFO com.revature.dao.UserDaoImpl [JettyServerThreadPool-39] Our query to retrieve user: 
SELECT * FROM "User" WHERE "UserName" = 'mock4';
2022-12-01 00:52:36,843 INFO com.revature.Server [JettyServerThreadPool-26] Request at URL http://localhost:8081/login has started.
2022-12-01 00:52:36,847 INFO com.revature.dao.UserDaoImpl [JettyServerThreadPool-26] Our query to retrieve user: 
SELECT * FROM "User" WHERE "UserName" = 'mock5';
2022-12-01 00:54:44,889 INFO com.revature.Server [JettyServerThreadPool-40] Request at URL http://localhost:8081/users/1/update-role/2 has started.
2022-12-01 00:54:44,934 INFO com.revature.dao.UserDaoImpl [JettyServerThreadPool-40] Our query to update user: 
UPDATE "User" SET ( "RoleId") = (2) WHERE "UserId" = 1;
2022-12-01 00:54:51,794 INFO com.revature.Server [JettyServerThreadPool-25] Request at URL http://localhost:8081/users/1/update-role/2 has started.
2022-12-01 00:54:51,801 INFO com.revature.dao.UserDaoImpl [JettyServerThreadPool-25] Our query to update user: 
UPDATE "User" SET ( "RoleId") = (2) WHERE "UserId" = 1;
2022-12-01 00:58:16,241 INFO com.revature.Server [JettyServerThreadPool-39] Request at URL http://localhost:8081/login has started.
2022-12-01 00:58:16,258 INFO com.revature.dao.UserDaoImpl [JettyServerThreadPool-39] Our query to retrieve user: 
SELECT * FROM "User" WHERE "UserName" = 'mock5';
2022-12-01 00:58:21,575 INFO com.revature.Server [JettyServerThreadPool-25] Request at URL http://localhost:8081/users/1/update-role/1 has started.
2022-12-01 00:58:21,618 INFO com.revature.dao.UserDaoImpl [JettyServerThreadPool-25] Our query to update user: 
UPDATE "User" SET "RoleId" = 1 WHERE "UserId" = 1;
2022-12-01 01:00:28,241 INFO com.revature.Server [JettyServerThreadPool-39] Request at URL http://localhost:8081/users/1/update-role/1 has started.
2022-12-01 01:00:32,041 INFO com.revature.Server [JettyServerThreadPool-24] Request at URL http://localhost:8081/login has started.
2022-12-01 01:00:32,057 INFO com.revature.dao.UserDaoImpl [JettyServerThreadPool-24] Our query to retrieve user: 
SELECT * FROM "User" WHERE "UserName" = 'mock5';
2022-12-01 01:00:34,658 INFO com.revature.Server [JettyServerThreadPool-37] Request at URL http://localhost:8081/users/1/update-role/1 has started.
2022-12-01 01:00:34,663 INFO com.revature.dao.UserDaoImpl [JettyServerThreadPool-37] Our query to update user: 
UPDATE "User" SET "RoleId" = 1 WHERE "UserId" = 1 RETURNING "UserId";
2022-12-01 01:00:38,619 INFO com.revature.Server [JettyServerThreadPool-39] Request at URL http://localhost:8081/users/1/update-role/2 has started.
2022-12-01 01:00:38,624 INFO com.revature.dao.UserDaoImpl [JettyServerThreadPool-39] Our query to update user: 
UPDATE "User" SET "RoleId" = 2 WHERE "UserId" = 1 RETURNING "UserId";
2022-12-01 01:00:41,778 INFO com.revature.Server [JettyServerThreadPool-37] Request at URL http://localhost:8081/users/1/update-role/2 has started.
2022-12-01 01:00:41,782 INFO com.revature.dao.UserDaoImpl [JettyServerThreadPool-37] Our query to update user: 
UPDATE "User" SET "RoleId" = 2 WHERE "UserId" = 1 RETURNING "UserId";
2022-12-01 01:01:10,077 INFO com.revature.Server [JettyServerThreadPool-39] Request at URL http://localhost:8081/users/1/update-role/2 has started.
2022-12-01 01:01:10,081 INFO com.revature.dao.UserDaoImpl [JettyServerThreadPool-39] Our query to update user: 
UPDATE "User" SET "RoleId" = 2 WHERE "UserId" = 1 RETURNING "UserId";
2022-12-01 01:01:27,704 INFO com.revature.Server [JettyServerThreadPool-37] Request at URL http://localhost:8081/tickets/:ticketId has started.
2022-12-01 01:01:33,111 INFO com.revature.Server [JettyServerThreadPool-39] Request at URL http://localhost:8081/tickets/:ticketId has started.
2022-12-01 01:01:35,849 INFO com.revature.Server [JettyServerThreadPool-37] Request at URL http://localhost:8081/login has started.
2022-12-01 01:01:35,852 INFO com.revature.dao.UserDaoImpl [JettyServerThreadPool-37] Our query to retrieve user: 
SELECT * FROM "User" WHERE "UserName" = 'mock2';
2022-12-01 01:01:39,813 INFO com.revature.Server [JettyServerThreadPool-39] Request at URL http://localhost:8081/tickets/:ticketId has started.
2022-12-01 01:01:39,846 INFO com.revature.dao.ReimbTicketDaoImpl [JettyServerThreadPool-39] Our query to retrieve ticket: 
SELECT * FROM "Reimbursement" WHERE "ReimbId" = '6';
2022-12-01 01:01:42,977 INFO com.revature.Server [JettyServerThreadPool-37] Request at URL http://localhost:8081/tickets/:ticketId has started.
2022-12-01 01:01:42,982 INFO com.revature.dao.ReimbTicketDaoImpl [JettyServerThreadPool-37] Our query to retrieve ticket: 
SELECT * FROM "Reimbursement" WHERE "ReimbId" = '6';
2022-12-01 01:01:45,727 INFO com.revature.Server [JettyServerThreadPool-39] Request at URL http://localhost:8081/tickets/:ticketId has started.
2022-12-01 01:01:45,732 INFO com.revature.dao.ReimbTicketDaoImpl [JettyServerThreadPool-39] Our query to retrieve ticket: 
SELECT * FROM "Reimbursement" WHERE "ReimbId" = '6';
2022-12-01 01:01:49,019 INFO com.revature.Server [JettyServerThreadPool-37] Request at URL http://localhost:8081/tickets/:ticketId has started.
2022-12-01 01:01:49,025 INFO com.revature.dao.ReimbTicketDaoImpl [JettyServerThreadPool-37] Our query to retrieve ticket: 
SELECT * FROM "Reimbursement" WHERE "ReimbId" = '6';
2022-12-01 01:02:56,984 INFO com.revature.Server [JettyServerThreadPool-25] Request at URL http://localhost:8081/users/:userId/update-profile has started.
2022-12-01 01:04:51,917 INFO com.revature.Server [JettyServerThreadPool-42] Request at URL http://localhost:8081/users/:userId/update-profile has started.
2022-12-01 01:05:24,004 INFO com.revature.Server [JettyServerThreadPool-27] Request at URL http://localhost:8081/users/:userId/update-profile has started.
2022-12-01 01:05:24,032 INFO com.revature.dao.UserDaoImpl [JettyServerThreadPool-27] Our query to retrieve user: 
SELECT * FROM "User" WHERE "UserId" = '5';
2022-12-01 01:05:24,035 INFO com.revature.dao.UserDaoImpl [JettyServerThreadPool-27] Our query to update user: 
UPDATE "User" SET ("PasswordHash", "LastName", "Email", "FirstName", "UserName")
 = ('202cB962Ac59075b964b07152d234b70', 'doe', 'tiredDoe@rev.net', 'tired^2', 'mock9') WHERE "UserId" = 5 RETURNING "UserId";
2022-12-01 01:09:15,325 INFO com.revature.Server [JettyServerThreadPool-39] Request at URL http://localhost:8081/users/:userId/update-profile has started.
2022-12-01 01:09:21,028 INFO com.revature.Server [JettyServerThreadPool-24] Request at URL http://localhost:8081/login has started.
2022-12-01 01:09:21,051 INFO com.revature.dao.UserDaoImpl [JettyServerThreadPool-24] Our query to retrieve user: 
SELECT * FROM "User" WHERE "UserName" = 'mock2';
2022-12-01 01:09:47,489 INFO com.revature.Server [JettyServerThreadPool-37] Request at URL http://localhost:8081/users/:userId/update-profile has started.
2022-12-01 01:09:47,552 INFO com.revature.dao.UserDaoImpl [JettyServerThreadPool-37] Our query to retrieve user: 
SELECT * FROM "User" WHERE "UserId" = '5';
2022-12-01 01:09:47,556 INFO com.revature.dao.UserDaoImpl [JettyServerThreadPool-37] Our query to update user: 
UPDATE "User" SET ("PasswordHash", "LastName", "Email", "FirstName", "UserName")
 = ('202cB962Ac59075b964b07152d234b70', 'null', 'null', 'mockery', 'mock9') WHERE "UserId" = 5 RETURNING "UserId";
2022-12-01 01:10:00,451 INFO com.revature.Server [JettyServerThreadPool-39] Request at URL http://localhost:8081/users/1/update-role/2 has started.
2022-12-01 01:10:00,457 INFO com.revature.dao.UserDaoImpl [JettyServerThreadPool-39] Our query to update user: 
UPDATE "User" SET "RoleId" = 2 WHERE "UserId" = 1 RETURNING "UserId";
2022-12-01 01:10:03,549 INFO com.revature.Server [JettyServerThreadPool-37] Request at URL http://localhost:8081/users/1/update-role/1 has started.
2022-12-01 01:10:03,553 INFO com.revature.dao.UserDaoImpl [JettyServerThreadPool-37] Our query to update user: 
UPDATE "User" SET "RoleId" = 1 WHERE "UserId" = 1 RETURNING "UserId";
2022-12-01 01:13:49,378 INFO com.revature.Server [JettyServerThreadPool-39] Request at URL http://localhost:8081/users/:userId/update-profile has started.
2022-12-01 01:13:53,062 INFO com.revature.Server [JettyServerThreadPool-25] Request at URL http://localhost:8081/login has started.
2022-12-01 01:13:53,081 INFO com.revature.dao.UserDaoImpl [JettyServerThreadPool-25] Our query to retrieve user: 
SELECT * FROM "User" WHERE "UserName" = 'mock2';
2022-12-01 01:13:56,919 INFO com.revature.Server [JettyServerThreadPool-37] Request at URL http://localhost:8081/users/:userId/update-profile has started.
2022-12-01 01:13:56,976 INFO com.revature.dao.UserDaoImpl [JettyServerThreadPool-37] Our query to retrieve user: 
SELECT * FROM "User" WHERE "UserId" = '5';
2022-12-01 01:13:56,980 INFO com.revature.dao.UserDaoImpl [JettyServerThreadPool-37] Our query to update user: 
UPDATE "User" SET ("PasswordHash", "LastName", "Email", "FirstName", "UserName")
 = ('202cB962Ac59075b964b07152d234b70', 'mockery', 'tiredDoe@rev.net', 'doe', 'mock9') WHERE "UserId" = 5 RETURNING "UserId";
2022-12-01 09:52:52,450 INFO com.revature.Server [JettyServerThreadPool-39] Request at URL http://localhost:8081/users has started.
2022-12-01 09:52:52,611 INFO com.revature.dao.UserDaoImpl [JettyServerThreadPool-39] Our query to create user: 
INSERT INTO "User" ( "RoleId", "PasswordHash", "LastName", "Email", "FirstName", "UserName")
            VALUES (1, '202cB962Ac59075b964b07152d234b70', 'user', 'newuser@rev.net', 'new', 'newUsr') RETURNING "UserId";
2022-12-01 15:31:33,889 INFO com.revature.Server [JettyServerThreadPool-39] Request at URL http://localhost:8081/login has started.
2022-12-01 15:31:33,919 INFO com.revature.dao.UserDaoImpl [JettyServerThreadPool-39] Our query to retrieve user: 
SELECT * FROM "User" WHERE "UserName" = 'mock5';
2022-12-01 15:31:45,982 INFO com.revature.Server [JettyServerThreadPool-39] Request at URL http://localhost:8081/login has started.
2022-12-01 15:31:46,002 INFO com.revature.dao.UserDaoImpl [JettyServerThreadPool-39] Our query to retrieve user: 
SELECT * FROM "User" WHERE "UserName" = 'mock2';
2022-12-01 15:32:15,240 INFO com.revature.Server [JettyServerThreadPool-39] Request at URL http://localhost:8081/login has started.
2022-12-01 15:32:15,260 INFO com.revature.dao.UserDaoImpl [JettyServerThreadPool-39] Our query to retrieve user: 
SELECT * FROM "User" WHERE "UserName" = 'mock5';
2022-12-01 15:32:27,358 INFO com.revature.Server [JettyServerThreadPool-25] Request at URL http://localhost:8081/login has started.
2022-12-01 15:32:27,360 INFO com.revature.dao.UserDaoImpl [JettyServerThreadPool-25] Our query to retrieve user: 
SELECT * FROM "User" WHERE "UserName" = 'mock2';
2022-12-01 15:32:31,965 INFO com.revature.Server [JettyServerThreadPool-37] Request at URL http://localhost:8081/tickets/ has started.
2022-12-01 15:32:32,012 INFO com.revature.dao.ReimbTicketDaoImpl [JettyServerThreadPool-37] Our query to retrieve all tickets: 
SELECT * FROM "Reimbursement";
2022-12-01 15:32:40,325 INFO com.revature.Server [JettyServerThreadPool-39] Request at URL http://localhost:8081/tickets/2 has started.
2022-12-01 15:32:40,329 INFO com.revature.dao.ReimbTicketDaoImpl [JettyServerThreadPool-39] Our query to retrieve ticket: 
SELECT * FROM "Reimbursement" WHERE "ReimbId" = '2';
2022-12-01 15:55:51,996 INFO com.revature.Server [JettyServerThreadPool-39] Request at URL http://localhost:8081/login has started.
2022-12-01 15:55:52,012 INFO com.revature.dao.UserDaoImpl [JettyServerThreadPool-39] Our query to retrieve user: 
SELECT * FROM "User" WHERE "UserName" = 'mock2';
2022-12-01 15:55:58,246 INFO com.revature.Server [JettyServerThreadPool-24] Request at URL http://localhost:8081/users/ has started.
2022-12-01 15:55:58,289 INFO com.revature.dao.UserDaoImpl [JettyServerThreadPool-24] Our query to retrieve all users: 
SELECT * FROM "User";
2022-12-01 15:56:08,488 INFO com.revature.Server [JettyServerThreadPool-37] Request at URL http://localhost:8081/users/1 has started.
2022-12-01 15:56:08,493 INFO com.revature.dao.UserDaoImpl [JettyServerThreadPool-37] Our query to retrieve user: 
SELECT * FROM "User" WHERE "UserId" = '1';
2022-12-01 15:56:15,604 INFO com.revature.Server [JettyServerThreadPool-39] Request at URL http://localhost:8081/users/username/mock has started.
2022-12-01 15:56:15,609 INFO com.revature.dao.UserDaoImpl [JettyServerThreadPool-39] Our query to retrieve user: 
SELECT * FROM "User" WHERE "UserName" = 'mock';
2022-12-01 15:56:24,361 INFO com.revature.Server [JettyServerThreadPool-37] Request at URL http://localhost:8081/tickets/ has started.
2022-12-01 15:56:24,366 INFO com.revature.dao.ReimbTicketDaoImpl [JettyServerThreadPool-37] Our query to retrieve all tickets: 
SELECT * FROM "Reimbursement";
2022-12-01 15:56:29,469 INFO com.revature.Server [JettyServerThreadPool-39] Request at URL http://localhost:8081/tickets/2 has started.
2022-12-01 15:56:29,475 INFO com.revature.dao.ReimbTicketDaoImpl [JettyServerThreadPool-39] Our query to retrieve ticket: 
SELECT * FROM "Reimbursement" WHERE "ReimbId" = '2';
2022-12-01 15:56:35,121 INFO com.revature.Server [JettyServerThreadPool-37] Request at URL http://localhost:8081/tickets/:ticketId has started.
2022-12-01 15:56:35,145 INFO com.revature.dao.ReimbTicketDaoImpl [JettyServerThreadPool-37] Our query to retrieve ticket: 
SELECT * FROM "Reimbursement" WHERE "ReimbId" = '6';
2022-12-01 15:56:39,134 INFO com.revature.Server [JettyServerThreadPool-39] Request at URL http://localhost:8081/tickets/:ticketId has started.
2022-12-01 15:56:39,140 INFO com.revature.dao.ReimbTicketDaoImpl [JettyServerThreadPool-39] Our query to retrieve ticket: 
SELECT * FROM "Reimbursement" WHERE "ReimbId" = '1';
2022-12-01 15:56:39,142 INFO com.revature.dao.ReimbTicketDaoImpl [JettyServerThreadPool-39] Our query to update ticket: 
UPDATE public."Reimbursement" SET ("Resolved", "ResolverId", "StatusId") =
    (current_timestamp, 2, 2) WHERE "ReimbId" = 1 RETURNING "ReimbId";
2022-12-01 15:56:50,173 INFO com.revature.Server [JettyServerThreadPool-37] Request at URL http://localhost:8081/tickets/types/3/users/1 has started.
2022-12-01 15:56:50,181 INFO com.revature.dao.ReimbTicketDaoImpl [JettyServerThreadPool-37] Our query to retrieve all tickets: 
SELECT * FROM "Reimbursement" WHERE "OwnerId" = 1 AND "TypeId" = 3;
2022-12-01 15:57:00,084 INFO com.revature.Server [JettyServerThreadPool-39] Request at URL http://localhost:8081/tickets/status/1/users/1 has started.
2022-12-01 15:57:00,087 INFO com.revature.dao.ReimbTicketDaoImpl [JettyServerThreadPool-39] Our query to retrieve all tickets: 
SELECT * FROM "Reimbursement" WHERE "OwnerId" = 1 AND "StatusId" = 1;
2022-12-01 15:57:08,392 INFO com.revature.Server [JettyServerThreadPool-37] Request at URL http://localhost:8081/tickets/status/1/users/2 has started.
2022-12-01 15:57:08,398 INFO com.revature.dao.ReimbTicketDaoImpl [JettyServerThreadPool-37] Our query to retrieve all tickets: 
SELECT * FROM "Reimbursement" WHERE "OwnerId" = 2 AND "StatusId" = 1;
2022-12-01 15:57:11,492 INFO com.revature.Server [JettyServerThreadPool-39] Request at URL http://localhost:8081/tickets/status/2/users/2 has started.
2022-12-01 15:57:11,497 INFO com.revature.dao.ReimbTicketDaoImpl [JettyServerThreadPool-39] Our query to retrieve all tickets: 
SELECT * FROM "Reimbursement" WHERE "OwnerId" = 2 AND "StatusId" = 2;
2022-12-01 15:57:15,169 INFO com.revature.Server [JettyServerThreadPool-37] Request at URL http://localhost:8081/tickets/status/2/users/1 has started.
2022-12-01 15:57:15,173 INFO com.revature.dao.ReimbTicketDaoImpl [JettyServerThreadPool-37] Our query to retrieve all tickets: 
SELECT * FROM "Reimbursement" WHERE "OwnerId" = 1 AND "StatusId" = 2;
2022-12-01 15:58:10,957 INFO com.revature.Server [JettyServerThreadPool-25] Request at URL http://localhost:8081/users/1/update-role/1 has started.
2022-12-01 15:58:10,962 INFO com.revature.dao.UserDaoImpl [JettyServerThreadPool-25] Our query to update user: 
UPDATE "User" SET "RoleId" = 1 WHERE "UserId" = 1 RETURNING "UserId";
2022-12-01 15:58:47,329 INFO com.revature.Server [JettyServerThreadPool-26] Request at URL http://localhost:8081/users/1/update-role/2 has started.
2022-12-01 15:58:47,331 INFO com.revature.dao.UserDaoImpl [JettyServerThreadPool-26] Our query to update user: 
UPDATE "User" SET "RoleId" = 2 WHERE "UserId" = 1 RETURNING "UserId";
2022-12-01 15:58:56,212 INFO com.revature.Server [JettyServerThreadPool-41] Request at URL http://localhost:8081/tickets/:ticketId has started.
2022-12-01 15:58:56,215 INFO com.revature.dao.ReimbTicketDaoImpl [JettyServerThreadPool-41] Our query to retrieve ticket: 
SELECT * FROM "Reimbursement" WHERE "ReimbId" = '1';
2022-12-01 16:00:49,062 INFO com.revature.Server [JettyServerThreadPool-42] Request at URL http://localhost:8081/login has started.
2022-12-01 16:00:49,065 INFO com.revature.dao.UserDaoImpl [JettyServerThreadPool-42] Our query to retrieve user: 
SELECT * FROM "User" WHERE "UserName" = 'mock5';
2022-12-01 16:00:51,201 INFO com.revature.Server [JettyServerThreadPool-27] Request at URL http://localhost:8081/login has started.
2022-12-01 16:00:51,204 INFO com.revature.dao.UserDaoImpl [JettyServerThreadPool-27] Our query to retrieve user: 
SELECT * FROM "User" WHERE "UserName" = 'mock2';
2022-12-01 16:06:01,375 INFO com.revature.Server [JettyServerThreadPool-44] Request at URL http://localhost:8081/tickets/ has started.
2022-12-01 16:06:01,381 INFO com.revature.dao.ReimbTicketDaoImpl [JettyServerThreadPool-44] Our query to retrieve all tickets: 
SELECT * FROM "Reimbursement";
2022-12-01 16:06:04,497 INFO com.revature.Server [JettyServerThreadPool-28] Request at URL http://localhost:8081/tickets/ has started.
2022-12-01 16:06:04,504 INFO com.revature.dao.ReimbTicketDaoImpl [JettyServerThreadPool-28] Our query to create ticket: 
INSERT INTO public."Reimbursement" ("ReimbId", "Amount", "Desc", "OwnerId", "StatusId", "TypeId")
 VALUES (DEFAULT, 1000000000.000000, 'show me the moneyy!', 3, 1, 3) RETURNING "ReimbId";
2022-12-01 16:06:11,612 INFO com.revature.Server [JettyServerThreadPool-25] Request at URL http://localhost:8081/tickets/7 has started.
2022-12-01 16:06:11,614 INFO com.revature.dao.ReimbTicketDaoImpl [JettyServerThreadPool-25] Our query to retrieve ticket: 
SELECT * FROM "Reimbursement" WHERE "ReimbId" = '7';
2022-12-01 16:06:19,410 INFO com.revature.Server [JettyServerThreadPool-44] Request at URL http://localhost:8081/tickets/:ticketId has started.
2022-12-01 16:06:19,416 INFO com.revature.dao.ReimbTicketDaoImpl [JettyServerThreadPool-44] Our query to retrieve ticket: 
SELECT * FROM "Reimbursement" WHERE "ReimbId" = '7';
2022-12-01 16:06:19,418 INFO com.revature.dao.ReimbTicketDaoImpl [JettyServerThreadPool-44] Our query to update ticket: 
UPDATE public."Reimbursement" SET ("Resolved", "ResolverId", "StatusId") =
    (current_timestamp, 2, 3) WHERE "ReimbId" = 7 RETURNING "ReimbId";
2022-12-01 16:06:27,701 INFO com.revature.Server [JettyServerThreadPool-25] Request at URL http://localhost:8081/tickets/7 has started.
2022-12-01 16:06:27,705 INFO com.revature.dao.ReimbTicketDaoImpl [JettyServerThreadPool-25] Our query to delete user: 
DELETE FROM "Reimbursement" WHERE "ReimbId" = 7 RETURNING "ReimbId";
2022-12-01 16:06:30,706 INFO com.revature.Server [JettyServerThreadPool-44] Request at URL http://localhost:8081/tickets/7 has started.
2022-12-01 16:06:30,711 INFO com.revature.dao.ReimbTicketDaoImpl [JettyServerThreadPool-44] Our query to delete user: 
DELETE FROM "Reimbursement" WHERE "ReimbId" = 7 RETURNING "ReimbId";
2022-12-01 16:06:35,730 INFO com.revature.Server [JettyServerThreadPool-25] Request at URL http://localhost:8081/tickets/types/3/users/1 has started.
2022-12-01 16:06:35,735 INFO com.revature.dao.ReimbTicketDaoImpl [JettyServerThreadPool-25] Our query to retrieve all tickets: 
SELECT * FROM "Reimbursement" WHERE "OwnerId" = 1 AND "TypeId" = 3;
2022-12-01 16:07:03,704 INFO com.revature.Server [JettyServerThreadPool-44] Request at URL http://localhost:8081/tickets/types/3/users/2 has started.
2022-12-01 16:07:03,708 INFO com.revature.dao.ReimbTicketDaoImpl [JettyServerThreadPool-44] Our query to retrieve all tickets: 
SELECT * FROM "Reimbursement" WHERE "OwnerId" = 2 AND "TypeId" = 3;
2022-12-01 16:07:25,937 INFO com.revature.Server [JettyServerThreadPool-25] Request at URL http://localhost:8081/tickets/status/2/users/1 has started.
2022-12-01 16:07:25,940 INFO com.revature.dao.ReimbTicketDaoImpl [JettyServerThreadPool-25] Our query to retrieve all tickets: 
SELECT * FROM "Reimbursement" WHERE "OwnerId" = 1 AND "StatusId" = 2;
2022-12-01 16:07:29,595 INFO com.revature.Server [JettyServerThreadPool-44] Request at URL http://localhost:8081/tickets/status/2/users/3 has started.
2022-12-01 16:07:29,597 INFO com.revature.dao.ReimbTicketDaoImpl [JettyServerThreadPool-44] Our query to retrieve all tickets: 
SELECT * FROM "Reimbursement" WHERE "OwnerId" = 3 AND "StatusId" = 2;
2022-12-01 16:07:35,362 INFO com.revature.Server [JettyServerThreadPool-25] Request at URL http://localhost:8081/tickets/users/2 has started.
2022-12-01 16:07:35,365 INFO com.revature.dao.ReimbTicketDaoImpl [JettyServerThreadPool-25] Our query to retrieve all tickets: 
SELECT * FROM "Reimbursement" WHERE "OwnerId" = 2
2022-12-01 16:07:42,214 INFO com.revature.Server [JettyServerThreadPool-44] Request at URL http://localhost:8081/tickets/users/5 has started.
2022-12-01 16:07:42,219 INFO com.revature.dao.ReimbTicketDaoImpl [JettyServerThreadPool-44] Our query to retrieve all tickets: 
SELECT * FROM "Reimbursement" WHERE "OwnerId" = 5
2022-12-01 16:07:48,164 INFO com.revature.Server [JettyServerThreadPool-25] Request at URL http://localhost:8081/tickets/users/7 has started.
2022-12-01 16:07:48,167 INFO com.revature.dao.ReimbTicketDaoImpl [JettyServerThreadPool-25] Our query to retrieve all tickets: 
SELECT * FROM "Reimbursement" WHERE "OwnerId" = 7
2022-12-01 16:07:53,688 INFO com.revature.Server [JettyServerThreadPool-44] Request at URL http://localhost:8081/tickets/users/4 has started.
2022-12-01 16:07:53,693 INFO com.revature.dao.ReimbTicketDaoImpl [JettyServerThreadPool-44] Our query to retrieve all tickets: 
SELECT * FROM "Reimbursement" WHERE "OwnerId" = 4
2022-12-01 16:07:56,871 INFO com.revature.Server [JettyServerThreadPool-25] Request at URL http://localhost:8081/tickets/users/2 has started.
2022-12-01 16:07:56,875 INFO com.revature.dao.ReimbTicketDaoImpl [JettyServerThreadPool-25] Our query to retrieve all tickets: 
SELECT * FROM "Reimbursement" WHERE "OwnerId" = 2
2022-12-01 16:08:01,009 INFO com.revature.Server [JettyServerThreadPool-44] Request at URL http://localhost:8081/tickets/users/1 has started.
2022-12-01 16:08:01,013 INFO com.revature.dao.ReimbTicketDaoImpl [JettyServerThreadPool-44] Our query to retrieve all tickets: 
SELECT * FROM "Reimbursement" WHERE "OwnerId" = 1
2022-12-01 16:08:18,565 INFO com.revature.Server [JettyServerThreadPool-25] Request at URL http://localhost:8081/users/:userId/update-profile has started.
2022-12-01 16:08:18,570 INFO com.revature.dao.UserDaoImpl [JettyServerThreadPool-25] Our query to retrieve user: 
SELECT * FROM "User" WHERE "UserId" = '5';
2022-12-01 16:08:18,572 INFO com.revature.dao.UserDaoImpl [JettyServerThreadPool-25] Our query to update user: 
UPDATE "User" SET ("PasswordHash", "LastName", "Email", "FirstName", "UserName")
 = ('202cB962Ac59075b964b07152d234b70', 'doe', 'tiredDoe@rev.net', 'mockery', 'mock9') WHERE "UserId" = 5 RETURNING "UserId";
2022-12-01 16:16:22,766 INFO com.revature.Server [JettyServerThreadPool-39] Request at URL http://localhost:8081/users/username/mockery has started.
2022-12-01 16:16:30,106 INFO com.revature.Server [JettyServerThreadPool-26] Request at URL http://localhost:8081/login has started.
2022-12-01 16:16:30,138 INFO com.revature.dao.UserDaoImpl [JettyServerThreadPool-26] Our query to retrieve user: 
SELECT * FROM "User" WHERE "UserName" = 'mock2';
2022-12-01 16:16:32,812 INFO com.revature.Server [JettyServerThreadPool-37] Request at URL http://localhost:8081/users/username/mockery has started.
2022-12-01 16:16:32,815 INFO com.revature.dao.UserDaoImpl [JettyServerThreadPool-37] Our query to retrieve user: 
SELECT * FROM "User" WHERE "UserName" = 'mockery';
2022-12-01 16:16:38,452 INFO com.revature.Server [JettyServerThreadPool-39] Request at URL http://localhost:8081/users/ has started.
2022-12-01 16:16:38,455 INFO com.revature.dao.UserDaoImpl [JettyServerThreadPool-39] Our query to retrieve all users: 
SELECT * FROM "User";
2022-12-01 16:16:44,960 INFO com.revature.Server [JettyServerThreadPool-37] Request at URL http://localhost:8081/users/username/mockery has started.
2022-12-01 16:16:44,963 INFO com.revature.dao.UserDaoImpl [JettyServerThreadPool-37] Our query to retrieve user: 
SELECT * FROM "User" WHERE "UserName" = 'mockery';
2022-12-01 16:16:47,287 INFO com.revature.Server [JettyServerThreadPool-39] Request at URL http://localhost:8081/users/username/newUsr has started.
2022-12-01 16:16:47,289 INFO com.revature.dao.UserDaoImpl [JettyServerThreadPool-39] Our query to retrieve user: 
SELECT * FROM "User" WHERE "UserName" = 'newUsr';
2022-12-01 16:16:54,225 INFO com.revature.Server [JettyServerThreadPool-37] Request at URL http://localhost:8081/tickets/ has started.
2022-12-01 16:16:54,228 INFO com.revature.dao.ReimbTicketDaoImpl [JettyServerThreadPool-37] Our query to retrieve all tickets: 
SELECT * FROM "Reimbursement";
2022-12-01 16:17:04,492 INFO com.revature.Server [JettyServerThreadPool-39] Request at URL http://localhost:8081/tickets/ has started.
2022-12-01 16:17:04,509 INFO com.revature.dao.ReimbTicketDaoImpl [JettyServerThreadPool-39] Our query to create ticket: 
INSERT INTO public."Reimbursement" ("ReimbId", "Amount", "Desc", "OwnerId", "StatusId", "TypeId")
 VALUES (DEFAULT, 1000000000.000000, 'show me the moneyy!', 3, 1, 3) RETURNING "ReimbId";
2022-12-01 16:17:16,611 INFO com.revature.Server [JettyServerThreadPool-37] Request at URL http://localhost:8081/login has started.
2022-12-01 16:17:16,613 INFO com.revature.dao.UserDaoImpl [JettyServerThreadPool-37] Our query to retrieve user: 
SELECT * FROM "User" WHERE "UserName" = 'newUser';
2022-12-01 16:17:19,493 INFO com.revature.Server [JettyServerThreadPool-39] Request at URL http://localhost:8081/login has started.
2022-12-01 16:17:19,495 INFO com.revature.dao.UserDaoImpl [JettyServerThreadPool-39] Our query to retrieve user: 
SELECT * FROM "User" WHERE "UserName" = 'newUsr';
2022-12-01 23:07:44,641 INFO com.revature.Server [JettyServerThreadPool-39] Request at URL http://localhost:8081/login has started.
2022-12-01 23:07:44,653 INFO com.revature.dao.UserDaoImpl [JettyServerThreadPool-39] Our query to retrieve user: 
SELECT * FROM "User" WHERE "UserName" = 'newUsr';
2022-12-01 23:08:05,452 INFO com.revature.Server [JettyServerThreadPool-24] Request at URL http://localhost:8081/user-profiles has started.
2022-12-01 23:09:50,529 INFO com.revature.Server [JettyServerThreadPool-39] Request at URL http://localhost:8081/user-profiles has started.
2022-12-01 23:10:42,032 INFO com.revature.Server [JettyServerThreadPool-39] Request at URL http://localhost:8081/user-profiles has started.
2022-12-01 23:10:43,332 INFO com.revature.Server [JettyServerThreadPool-25] Request at URL http://localhost:8081/user-profiles has started.
2022-12-01 23:11:01,347 INFO com.revature.Server [JettyServerThreadPool-39] Request at URL http://localhost:8081/user-profiles has started.
2022-12-01 23:11:02,816 INFO com.revature.Server [JettyServerThreadPool-24] Request at URL http://localhost:8081/user-profiles has started.
2022-12-01 23:11:18,762 INFO com.revature.Server [JettyServerThreadPool-25] Request at URL http://localhost:8081/user-profiles has started.
2022-12-01 23:15:48,404 INFO com.revature.Server [JettyServerThreadPool-39] Request at URL http://localhost:8081/user-profiles has started.
2022-12-01 23:16:59,206 INFO com.revature.Server [JettyServerThreadPool-39] Request at URL http://localhost:8081/user-profiles has started.
2022-12-01 23:17:14,236 INFO com.revature.Server [JettyServerThreadPool-24] Request at URL http://localhost:8081/pictures/user-profiles has started.
2022-12-01 23:17:47,112 INFO com.revature.Server [JettyServerThreadPool-25] Request at URL http://localhost:8081/pictures/user-profiles has started.
2022-12-01 23:17:50,636 INFO com.revature.Server [JettyServerThreadPool-37] Request at URL http://localhost:8081/login has started.
2022-12-01 23:17:50,649 INFO com.revature.dao.UserDaoImpl [JettyServerThreadPool-37] Our query to retrieve user: 
SELECT * FROM "User" WHERE "UserName" = 'newUsr';
2022-12-01 23:17:53,583 INFO com.revature.Server [JettyServerThreadPool-24] Request at URL http://localhost:8081/pictures/user-profiles has started.
2022-12-01 23:18:25,575 INFO com.revature.Server [JettyServerThreadPool-39] Request at URL http://localhost:8081/pictures/user-profiles has started.
2022-12-01 23:18:28,075 INFO com.revature.Server [JettyServerThreadPool-24] Request at URL http://localhost:8081/login has started.
2022-12-01 23:18:28,104 INFO com.revature.dao.UserDaoImpl [JettyServerThreadPool-24] Our query to retrieve user: 
SELECT * FROM "User" WHERE "UserName" = 'newUsr';
2022-12-01 23:18:30,060 INFO com.revature.Server [JettyServerThreadPool-37] Request at URL http://localhost:8081/pictures/user-profiles has started.
2022-12-01 23:42:27,238 INFO com.revature.Server [JettyServerThreadPool-39] Request at URL http://localhost:8081/pictures/user-profiles/:userId has started.
2022-12-01 23:43:20,028 INFO com.revature.Server [JettyServerThreadPool-39] Request at URL http://localhost:8081/pictures/user-profiles/:userId has started.
2022-12-01 23:43:24,376 INFO com.revature.Server [JettyServerThreadPool-24] Request at URL http://localhost:8081/login has started.
2022-12-01 23:43:24,413 INFO com.revature.dao.UserDaoImpl [JettyServerThreadPool-24] Our query to retrieve user: 
SELECT * FROM "User" WHERE "UserName" = 'newUsr';
2022-12-01 23:43:27,680 INFO com.revature.Server [JettyServerThreadPool-37] Request at URL http://localhost:8081/pictures/user-profiles/:userId has started.
2022-12-01 23:45:00,785 INFO com.revature.Server [JettyServerThreadPool-39] Request at URL http://localhost:8081/pictures/user-profiles/:userId has started.
2022-12-01 23:45:03,847 INFO com.revature.Server [JettyServerThreadPool-24] Request at URL http://localhost:8081/login has started.
2022-12-01 23:45:03,863 INFO com.revature.dao.UserDaoImpl [JettyServerThreadPool-24] Our query to retrieve user: 
SELECT * FROM "User" WHERE "UserName" = 'newUsr';
2022-12-01 23:45:28,507 INFO com.revature.Server [JettyServerThreadPool-37] Request at URL http://localhost:8081/pictures/user-profiles/:userId has started.
2022-12-01 23:45:43,631 INFO com.revature.Server [JettyServerThreadPool-39] Request at URL http://localhost:8081/pictures/user-profiles/1 has started.
2022-12-01 23:45:48,747 INFO com.revature.Server [JettyServerThreadPool-37] Request at URL http://localhost:8081/pictures/user-profiles/6 has started.
2022-12-01 23:45:51,344 INFO com.revature.Server [JettyServerThreadPool-39] Request at URL http://localhost:8081/pictures/user-profiles/6 has started.
2022-12-01 23:46:32,643 INFO com.revature.Server [JettyServerThreadPool-39] Request at URL http://localhost:8081/login has started.
2022-12-01 23:46:32,660 INFO com.revature.dao.UserDaoImpl [JettyServerThreadPool-39] Our query to retrieve user: 
SELECT * FROM "User" WHERE "UserName" = 'newUsr';
2022-12-01 23:46:36,056 INFO com.revature.Server [JettyServerThreadPool-26] Request at URL http://localhost:8081/pictures/user-profiles/6 has started.
2022-12-01 23:48:05,281 INFO com.revature.Server [JettyServerThreadPool-39] Request at URL http://localhost:8081/login has started.
2022-12-01 23:48:05,300 INFO com.revature.dao.UserDaoImpl [JettyServerThreadPool-39] Our query to retrieve user: 
SELECT * FROM "User" WHERE "UserName" = 'newUsr';
2022-12-01 23:48:08,861 INFO com.revature.Server [JettyServerThreadPool-26] Request at URL http://localhost:8081/pictures/user-profiles/6 has started.
2022-12-01 23:58:57,378 INFO com.revature.Server [JettyServerThreadPool-39] Request at URL http://localhost:8081/pictures/user-profiles/6 has started.
2022-12-01 23:59:00,437 INFO com.revature.Server [JettyServerThreadPool-26] Request at URL http://localhost:8081/login has started.
2022-12-01 23:59:00,451 INFO com.revature.dao.UserDaoImpl [JettyServerThreadPool-26] Our query to retrieve user: 
SELECT * FROM "User" WHERE "UserName" = 'newUsr';
2022-12-01 23:59:04,894 INFO com.revature.Server [JettyServerThreadPool-37] Request at URL http://localhost:8081/pictures/user-profiles/6 has started.
2022-12-01 23:59:39,824 INFO com.revature.Server [JettyServerThreadPool-39] Request at URL http://localhost:8081/login has started.
2022-12-01 23:59:39,844 INFO com.revature.dao.UserDaoImpl [JettyServerThreadPool-39] Our query to retrieve user: 
SELECT * FROM "User" WHERE "UserName" = 'newUsr';
2022-12-01 23:59:42,587 INFO com.revature.Server [JettyServerThreadPool-24] Request at URL http://localhost:8081/pictures/user-profiles/6 has started.
