2022-11-30 00:13:32,586 INFO com.revature.Server [JettyServerThreadPool-39] Request at URL http://localhost:8081/tickets/:ticketId has started.
2022-11-30 00:13:32,743 INFO com.revature.dao.ReimbTicketDaoImpl [JettyServerThreadPool-39] Our query to update ticket: 
UPDATE public."Reimbursement" SET ("Amount", "Resolved", "Desc", "ResolverId", "StatusId", "TypeId") =
    (101.000000, current_timestamp,'test ticket numero 4', 1, 2, 3) WHERE "ReimbId" = 2 RETURNING "ReimbId";
2022-11-30 00:14:06,147 INFO com.revature.Server [JettyServerThreadPool-24] Request at URL http://localhost:8081/tickets/:ticketId has started.
2022-11-30 00:14:06,149 INFO com.revature.dao.ReimbTicketDaoImpl [JettyServerThreadPool-24] Our query to update ticket: 
UPDATE public."Reimbursement" SET ("Amount", "Resolved", "Desc", "ResolverId", "StatusId", "TypeId") =
    (101.000000, current_timestamp,'test ticket numero 2', 1, 2, 3) WHERE "ReimbId" = 2 RETURNING "ReimbId";
2022-11-30 00:14:08,661 INFO com.revature.Server [JettyServerThreadPool-39] Request at URL http://localhost:8081/tickets/:ticketId has started.
2022-11-30 00:14:08,662 INFO com.revature.dao.ReimbTicketDaoImpl [JettyServerThreadPool-39] Our query to update ticket: 
UPDATE public."Reimbursement" SET ("Amount", "Resolved", "Desc", "ResolverId", "StatusId", "TypeId") =
    (101.000000, current_timestamp,'test ticket numero 2', 1, 2, 3) WHERE "ReimbId" = 2 RETURNING "ReimbId";
2022-11-30 00:14:10,339 INFO com.revature.Server [JettyServerThreadPool-40] Request at URL http://localhost:8081/tickets/:ticketId has started.
2022-11-30 00:14:10,341 INFO com.revature.dao.ReimbTicketDaoImpl [JettyServerThreadPool-40] Our query to update ticket: 
UPDATE public."Reimbursement" SET ("Amount", "Resolved", "Desc", "ResolverId", "StatusId", "TypeId") =
    (101.000000, current_timestamp,'test ticket numero 2', 1, 2, 3) WHERE "ReimbId" = 2 RETURNING "ReimbId";
2022-11-30 10:19:05,922 INFO com.revature.utils.testDbConnection [main] org.postgresql.jdbc.PgDatabaseMetaData@1199fe66
2022-11-30 10:22:24,091 INFO com.revature.utils.testDbConnection [main] org.postgresql.jdbc.PgDatabaseMetaData@68be8808
2022-11-30 10:23:17,742 INFO com.revature.utils.testDbConnection [main] org.postgresql.jdbc.PgDatabaseMetaData@758705fa
2022-11-30 10:23:24,236 INFO com.revature.Server [JettyServerThreadPool-39] Request at URL http://localhost:8081/users/ has started.
2022-11-30 10:23:24,237 INFO com.revature.dao.UserDaoImpl [JettyServerThreadPool-39] Our query to retrieve all users: 
SELECT * FROM "User";
2022-11-30 10:23:29,745 INFO com.revature.Server [JettyServerThreadPool-24] Request at URL http://localhost:8081/users/1 has started.
2022-11-30 10:23:37,169 INFO com.revature.Server [JettyServerThreadPool-37] Request at URL http://localhost:8081/login has started.
2022-11-30 10:23:37,181 INFO com.revature.dao.UserDaoImpl [JettyServerThreadPool-37] Our query to retrieve user: 
SELECT * FROM "User" WHERE "UserName" = 'mock2';
2022-11-30 10:23:40,736 INFO com.revature.Server [JettyServerThreadPool-39] Request at URL http://localhost:8081/users/1 has started.
2022-11-30 10:23:42,243 INFO com.revature.Server [JettyServerThreadPool-37] Request at URL http://localhost:8081/users/1 has started.
2022-11-30 10:23:43,069 INFO com.revature.Server [JettyServerThreadPool-39] Request at URL http://localhost:8081/users/1 has started.
2022-11-30 10:23:47,652 INFO com.revature.Server [JettyServerThreadPool-37] Request at URL http://localhost:8081/tickets/ has started.
2022-11-30 10:23:47,652 INFO com.revature.dao.ReimbTicketDaoImpl [JettyServerThreadPool-37] Our query to retrieve all tickets: 
SELECT * FROM "Reimbursement";
2022-11-30 10:23:51,395 INFO com.revature.Server [JettyServerThreadPool-39] Request at URL http://localhost:8081/users/1 has started.
2022-11-30 10:24:18,149 INFO com.revature.Server [JettyServerThreadPool-37] Request at URL http://localhost:8081/users/ has started.
2022-11-30 10:24:18,150 INFO com.revature.dao.UserDaoImpl [JettyServerThreadPool-37] Our query to retrieve all users: 
SELECT * FROM "User";
2022-11-30 10:24:20,086 INFO com.revature.Server [JettyServerThreadPool-39] Request at URL http://localhost:8081/users/ has started.
2022-11-30 10:24:20,086 INFO com.revature.dao.UserDaoImpl [JettyServerThreadPool-39] Our query to retrieve all users: 
SELECT * FROM "User";
2022-11-30 10:24:20,990 INFO com.revature.Server [JettyServerThreadPool-37] Request at URL http://localhost:8081/users/ has started.
2022-11-30 10:24:20,991 INFO com.revature.dao.UserDaoImpl [JettyServerThreadPool-37] Our query to retrieve all users: 
SELECT * FROM "User";
2022-11-30 10:24:23,262 INFO com.revature.Server [JettyServerThreadPool-39] Request at URL http://localhost:8081/users/ has started.
2022-11-30 10:24:23,263 INFO com.revature.dao.UserDaoImpl [JettyServerThreadPool-39] Our query to retrieve all users: 
SELECT * FROM "User";
2022-11-30 10:26:39,990 INFO com.revature.Server [JettyServerThreadPool-39] Request at URL http://localhost:8081/users/ has started.
2022-11-30 10:26:39,991 INFO com.revature.dao.UserDaoImpl [JettyServerThreadPool-39] Our query to retrieve all users: 
SELECT * FROM "User";
2022-11-30 10:26:42,847 INFO com.revature.Server [JettyServerThreadPool-25] Request at URL http://localhost:8081/users/ has started.
2022-11-30 10:26:42,847 INFO com.revature.dao.UserDaoImpl [JettyServerThreadPool-25] Our query to retrieve all users: 
SELECT * FROM "User";
2022-11-30 10:26:43,796 INFO com.revature.Server [JettyServerThreadPool-37] Request at URL http://localhost:8081/users/ has started.
2022-11-30 10:26:43,797 INFO com.revature.dao.UserDaoImpl [JettyServerThreadPool-37] Our query to retrieve all users: 
SELECT * FROM "User";
2022-11-30 10:26:49,270 INFO com.revature.Server [JettyServerThreadPool-39] Request at URL http://localhost:8081/users/1 has started.
2022-11-30 10:27:02,687 INFO com.revature.Server [JettyServerThreadPool-37] Request at URL http://localhost:8081/login has started.
2022-11-30 10:27:02,700 INFO com.revature.dao.UserDaoImpl [JettyServerThreadPool-37] Our query to retrieve user: 
SELECT * FROM "User" WHERE "UserName" = 'mock';
2022-11-30 10:27:04,934 INFO com.revature.Server [JettyServerThreadPool-39] Request at URL http://localhost:8081/users/1 has started.
2022-11-30 10:27:04,938 INFO com.revature.dao.UserDaoImpl [JettyServerThreadPool-39] Our query to retrieve user: 
SELECT * FROM "User" WHERE "UserId" = '1';
2022-11-30 10:27:07,270 INFO com.revature.Server [JettyServerThreadPool-37] Request at URL http://localhost:8081/users/ has started.
2022-11-30 10:27:07,271 INFO com.revature.dao.UserDaoImpl [JettyServerThreadPool-37] Our query to retrieve all users: 
SELECT * FROM "User";
2022-11-30 10:27:11,200 INFO com.revature.Server [JettyServerThreadPool-39] Request at URL http://localhost:8081/users/1 has started.
2022-11-30 10:27:11,202 INFO com.revature.dao.UserDaoImpl [JettyServerThreadPool-39] Our query to retrieve user: 
SELECT * FROM "User" WHERE "UserId" = '1';
2022-11-30 15:13:30,522 INFO com.revature.Server [JettyServerThreadPool-39] Request at URL http://localhost:8081/users/ has started.
2022-11-30 15:13:30,523 INFO com.revature.dao.UserDaoImpl [JettyServerThreadPool-39] Our query to retrieve all users: 
SELECT * FROM "User";
2022-11-30 15:14:06,332 INFO com.revature.Server [JettyServerThreadPool-25] Request at URL http://localhost:8081/users/ has started.
2022-11-30 15:14:06,332 INFO com.revature.dao.UserDaoImpl [JettyServerThreadPool-25] Our query to retrieve all users: 
SELECT * FROM "User";
2022-11-30 15:14:24,672 INFO com.revature.Server [JettyServerThreadPool-39] Request at URL http://localhost:8081/login has started.
2022-11-30 15:14:24,684 INFO com.revature.dao.UserDaoImpl [JettyServerThreadPool-39] Our query to retrieve user: 
SELECT * FROM "User" WHERE "UserName" = 'mock';
2022-11-30 15:14:29,007 INFO com.revature.Server [JettyServerThreadPool-40] Request at URL http://localhost:8081/tickets/3 has started.
2022-11-30 15:14:29,033 INFO com.revature.dao.ReimbTicketDaoImpl [JettyServerThreadPool-40] Our query to retrieve user: 
SELECT * FROM "Reimbursement" WHERE "ReimbId" = '3';
2022-11-30 15:15:13,644 INFO com.revature.Server [JettyServerThreadPool-26] Request at URL http://localhost:8081/tickets/3 has started.
2022-11-30 15:15:13,647 INFO com.revature.dao.ReimbTicketDaoImpl [JettyServerThreadPool-26] Our query to retrieve user: 
SELECT * FROM "Reimbursement" WHERE "ReimbId" = '3';
2022-11-30 15:15:18,532 INFO com.revature.Server [JettyServerThreadPool-39] Request at URL http://localhost:8081/tickets/6 has started.
2022-11-30 15:15:18,535 INFO com.revature.dao.ReimbTicketDaoImpl [JettyServerThreadPool-39] Our query to retrieve user: 
SELECT * FROM "Reimbursement" WHERE "ReimbId" = '6';
2022-11-30 15:15:32,923 INFO com.revature.Server [JettyServerThreadPool-24] Request at URL http://localhost:8081/tickets/2 has started.
2022-11-30 15:15:32,927 INFO com.revature.dao.ReimbTicketDaoImpl [JettyServerThreadPool-24] Our query to retrieve user: 
SELECT * FROM "Reimbursement" WHERE "ReimbId" = '2';
2022-11-30 17:17:35,993 INFO com.revature.Server [JettyServerThreadPool-39] Request at URL http://localhost:8081/tickets/2 has started.
2022-11-30 17:17:38,907 INFO com.revature.Server [JettyServerThreadPool-24] Request at URL http://localhost:8081/login has started.
2022-11-30 17:17:38,934 INFO com.revature.dao.UserDaoImpl [JettyServerThreadPool-24] Our query to retrieve user: 
SELECT * FROM "User" WHERE "UserName" = 'mock';
2022-11-30 17:17:42,388 INFO com.revature.Server [JettyServerThreadPool-37] Request at URL http://localhost:8081/tickets/2 has started.
2022-11-30 17:17:42,390 INFO com.revature.dao.ReimbTicketDaoImpl [JettyServerThreadPool-37] Our query to retrieve ticket: 
SELECT * FROM "Reimbursement" WHERE "ReimbId" = '2';
2022-11-30 17:17:45,799 INFO com.revature.Server [JettyServerThreadPool-39] Request at URL http://localhost:8081/tickets/3 has started.
2022-11-30 17:17:45,802 INFO com.revature.dao.ReimbTicketDaoImpl [JettyServerThreadPool-39] Our query to retrieve ticket: 
SELECT * FROM "Reimbursement" WHERE "ReimbId" = '3';
2022-11-30 17:17:54,366 INFO com.revature.Server [JettyServerThreadPool-37] Request at URL http://localhost:8081/tickets/4 has started.
2022-11-30 17:17:54,368 INFO com.revature.dao.ReimbTicketDaoImpl [JettyServerThreadPool-37] Our query to retrieve ticket: 
SELECT * FROM "Reimbursement" WHERE "ReimbId" = '4';
2022-11-30 17:51:01,827 INFO com.revature.Server [JettyServerThreadPool-39] Request at URL http://localhost:8081/users/1 has started.
2022-11-30 17:51:01,958 INFO com.revature.dao.UserDaoImpl [JettyServerThreadPool-39] Our query to retrieve user: 
SELECT * FROM "User" WHERE "UserId" = '1';
2022-11-30 17:51:03,537 INFO com.revature.Server [JettyServerThreadPool-25] Request at URL http://localhost:8081/users/1 has started.
2022-11-30 17:51:03,540 INFO com.revature.dao.UserDaoImpl [JettyServerThreadPool-25] Our query to retrieve user: 
SELECT * FROM "User" WHERE "UserId" = '1';
2022-11-30 17:51:24,903 INFO com.revature.Server [JettyServerThreadPool-37] Request at URL http://localhost:8081/users/1 has started.
2022-11-30 17:51:24,905 INFO com.revature.dao.UserDaoImpl [JettyServerThreadPool-37] Our query to retrieve user: 
SELECT * FROM "User" WHERE "UserId" = '1';
2022-11-30 17:51:26,040 INFO com.revature.Server [JettyServerThreadPool-39] Request at URL http://localhost:8081/users/1 has started.
2022-11-30 17:51:26,041 INFO com.revature.dao.UserDaoImpl [JettyServerThreadPool-39] Our query to retrieve user: 
SELECT * FROM "User" WHERE "UserId" = '1';
2022-11-30 17:51:38,649 INFO com.revature.Server [JettyServerThreadPool-37] Request at URL http://localhost:8081/users/1 has started.
2022-11-30 17:51:38,650 INFO com.revature.dao.UserDaoImpl [JettyServerThreadPool-37] Our query to retrieve user: 
SELECT * FROM "User" WHERE "UserId" = '1';
2022-11-30 17:54:28,704 INFO com.revature.Server [JettyServerThreadPool-39] Request at URL http://localhost:8081/ has started.
2022-11-30 17:54:33,626 INFO com.revature.Server [JettyServerThreadPool-24] Request at URL http://localhost:8081/users/1 has started.
2022-11-30 17:54:41,294 INFO com.revature.Server [JettyServerThreadPool-37] Request at URL http://localhost:8081/users/1 has started.
2022-11-30 17:56:14,011 INFO com.revature.Server [JettyServerThreadPool-39] Request at URL http://localhost:8081/users/1 has started.
2022-11-30 17:56:17,050 INFO com.revature.Server [JettyServerThreadPool-25] Request at URL http://localhost:8081/users/1 has started.
2022-11-30 17:56:19,521 INFO com.revature.Server [JettyServerThreadPool-37] Request at URL http://localhost:8081/users/1 has started.
2022-11-30 17:56:19,652 INFO com.revature.dao.UserDaoImpl [JettyServerThreadPool-37] Our query to retrieve user: 
SELECT * FROM "User" WHERE "UserId" = '1';
2022-11-30 17:56:23,179 INFO com.revature.Server [JettyServerThreadPool-39] Request at URL http://localhost:8081/users/1 has started.
2022-11-30 18:01:42,051 INFO com.revature.Server [JettyServerThreadPool-39] Request at URL http://localhost:8081/users/1 has started.
2022-11-30 18:01:42,055 INFO com.revature.dao.UserDaoImpl [JettyServerThreadPool-39] Our query to retrieve user: 
SELECT * FROM "User" WHERE "UserId" = '1';
2022-11-30 18:02:15,632 INFO com.revature.Server [JettyServerThreadPool-39] Request at URL http://localhost:8081/users/1 has started.
2022-11-30 18:02:15,636 INFO com.revature.dao.UserDaoImpl [JettyServerThreadPool-39] Our query to retrieve user: 
SELECT * FROM "User" WHERE "UserId" = '1';
2022-11-30 18:02:17,413 INFO com.revature.Server [JettyServerThreadPool-24] Request at URL http://localhost:8081/users/1 has started.
2022-11-30 18:02:17,414 INFO com.revature.dao.UserDaoImpl [JettyServerThreadPool-24] Our query to retrieve user: 
SELECT * FROM "User" WHERE "UserId" = '1';
2022-11-30 18:15:19,264 INFO com.revature.Server [JettyServerThreadPool-39] Request at URL http://localhost:8081/users/1 has started.
2022-11-30 18:15:19,268 INFO com.revature.dao.UserDaoImpl [JettyServerThreadPool-39] Our query to retrieve user: 
SELECT * FROM "User" WHERE "UserId" = '1';
2022-11-30 18:17:37,496 INFO com.revature.Server [JettyServerThreadPool-39] Request at URL http://localhost:8081/users/1 has started.
2022-11-30 18:17:37,498 INFO com.revature.dao.UserDaoImpl [JettyServerThreadPool-39] Our query to retrieve user: 
SELECT * FROM "User" WHERE "UserId" = '1';
2022-11-30 18:19:18,739 INFO com.revature.Server [JettyServerThreadPool-39] Request at URL http://localhost:8081/users/1 has started.
2022-11-30 18:19:18,741 INFO com.revature.dao.UserDaoImpl [JettyServerThreadPool-39] Our query to retrieve user: 
SELECT * FROM "User" WHERE "UserId" = '1';
2022-11-30 18:19:25,946 INFO com.revature.Server [JettyServerThreadPool-25] Request at URL http://localhost:8081/users/1 has started.
2022-11-30 18:19:25,946 INFO com.revature.dao.UserDaoImpl [JettyServerThreadPool-25] Our query to retrieve user: 
SELECT * FROM "User" WHERE "UserId" = '1';
2022-11-30 18:20:19,231 INFO com.revature.Server [JettyServerThreadPool-39] Request at URL http://localhost:8081/users/1 has started.
2022-11-30 18:20:19,235 INFO com.revature.dao.UserDaoImpl [JettyServerThreadPool-39] Our query to retrieve user: 
SELECT * FROM "User" WHERE "UserId" = '1';
2022-11-30 18:21:46,471 INFO com.revature.Server [JettyServerThreadPool-39] Request at URL http://localhost:8081/users/1 has started.
2022-11-30 18:21:46,478 INFO com.revature.dao.UserDaoImpl [JettyServerThreadPool-39] Our query to retrieve user: 
SELECT * FROM "User" WHERE "UserId" = '1';
2022-11-30 19:03:28,736 INFO com.revature.Server [JettyServerThreadPool-39] Request at URL http://localhost:8081/users/1 has started.
2022-11-30 19:03:28,741 INFO com.revature.dao.UserDaoImpl [JettyServerThreadPool-39] Our query to retrieve user: 
SELECT * FROM "User" WHERE "UserId" = '1';
2022-11-30 19:03:33,317 INFO com.revature.Server [JettyServerThreadPool-25] Request at URL http://localhost:8081/users/1 has started.
2022-11-30 19:03:33,318 INFO com.revature.dao.UserDaoImpl [JettyServerThreadPool-25] Our query to retrieve user: 
SELECT * FROM "User" WHERE "UserId" = '1';
2022-11-30 20:30:36,438 INFO com.revature.Server [JettyServerThreadPool-39] Request at URL http://localhost:8081/users/1 has started.
2022-11-30 20:32:10,790 INFO com.revature.Server [JettyServerThreadPool-39] Request at URL http://localhost:8081/users/ has started.
2022-11-30 20:32:10,792 INFO com.revature.dao.UserDaoImpl [JettyServerThreadPool-39] Our query to retrieve all users: 
SELECT * FROM "User";
2022-11-30 20:32:15,215 INFO com.revature.Server [JettyServerThreadPool-25] Request at URL http://localhost:8081/users/ has started.
2022-11-30 20:32:15,217 INFO com.revature.dao.UserDaoImpl [JettyServerThreadPool-25] Our query to retrieve all users: 
SELECT * FROM "User";
2022-11-30 20:32:17,597 INFO com.revature.Server [JettyServerThreadPool-37] Request at URL http://localhost:8081/users/ has started.
2022-11-30 20:32:17,597 INFO com.revature.dao.UserDaoImpl [JettyServerThreadPool-37] Our query to retrieve all users: 
SELECT * FROM "User";
2022-11-30 20:32:26,264 INFO com.revature.Server [JettyServerThreadPool-39] Request at URL http://localhost:8081/users/ has started.
2022-11-30 20:32:26,265 INFO com.revature.dao.UserDaoImpl [JettyServerThreadPool-39] Our query to retrieve all users: 
SELECT * FROM "User";
2022-11-30 21:25:44,545 INFO com.revature.Server [JettyServerThreadPool-39] Request at URL http://localhost:8081/tickets/4 has started.
2022-11-30 21:25:44,548 INFO com.revature.dao.ReimbTicketDaoImpl [JettyServerThreadPool-39] Our query to retrieve ticket: 
SELECT * FROM "Reimbursement" WHERE "ReimbId" = '4';
2022-11-30 21:25:49,248 INFO com.revature.Server [JettyServerThreadPool-26] Request at URL http://localhost:8081/tickets/2 has started.
2022-11-30 21:25:49,248 INFO com.revature.dao.ReimbTicketDaoImpl [JettyServerThreadPool-26] Our query to retrieve ticket: 
SELECT * FROM "Reimbursement" WHERE "ReimbId" = '2';
2022-11-30 21:25:54,582 INFO com.revature.Server [JettyServerThreadPool-37] Request at URL http://localhost:8081/users/1 has started.
2022-11-30 21:25:54,583 INFO com.revature.dao.UserDaoImpl [JettyServerThreadPool-37] Our query to retrieve user: 
SELECT * FROM "User" WHERE "UserId" = '1';
2022-11-30 21:26:19,444 INFO com.revature.Server [JettyServerThreadPool-39] Request at URL http://localhost:8081/users has started.
2022-11-30 21:26:19,498 INFO com.revature.dao.UserDaoImpl [JettyServerThreadPool-39] Our query to create user: 
INSERT INTO "User" ( "RoleId", "PasswordHash", "LastName", "Email", "FirstName", "UserName")
            VALUES (2, '123', 'doe', 'mockDoe@rev.net', 'jonh', 'mock2') RETURNING "UserId";
2022-11-30 21:30:01,507 INFO com.revature.Server [JettyServerThreadPool-39] Request at URL http://localhost:8081/users/1 has started.
2022-11-30 21:30:01,510 INFO com.revature.dao.UserDaoImpl [JettyServerThreadPool-39] Our query to retrieve user: 
SELECT * FROM "User" WHERE "UserId" = '1';
2022-11-30 21:30:11,208 INFO com.revature.Server [JettyServerThreadPool-24] Request at URL http://localhost:8081/users/1 has started.
2022-11-30 21:30:11,208 INFO com.revature.dao.UserDaoImpl [JettyServerThreadPool-24] Our query to retrieve user: 
SELECT * FROM "User" WHERE "UserId" = '1';
2022-11-30 21:30:12,043 INFO com.revature.Server [JettyServerThreadPool-37] Request at URL http://localhost:8081/users/1 has started.
2022-11-30 21:30:12,043 INFO com.revature.dao.UserDaoImpl [JettyServerThreadPool-37] Our query to retrieve user: 
SELECT * FROM "User" WHERE "UserId" = '1';
2022-11-30 21:30:14,542 INFO com.revature.Server [JettyServerThreadPool-39] Request at URL http://localhost:8081/users/ has started.
2022-11-30 21:30:17,783 INFO com.revature.Server [JettyServerThreadPool-37] Request at URL http://localhost:8081/users/1 has started.
2022-11-30 21:30:17,784 INFO com.revature.dao.UserDaoImpl [JettyServerThreadPool-37] Our query to retrieve user: 
SELECT * FROM "User" WHERE "UserId" = '1';
2022-11-30 21:30:24,326 INFO com.revature.Server [JettyServerThreadPool-39] Request at URL http://localhost:8081/users/1 has started.
2022-11-30 21:30:24,327 INFO com.revature.dao.UserDaoImpl [JettyServerThreadPool-39] Our query to retrieve user: 
SELECT * FROM "User" WHERE "UserId" = '1';
2022-11-30 21:31:10,505 INFO com.revature.Server [JettyServerThreadPool-39] Request at URL http://localhost:8081/users/ has started.
2022-11-30 21:31:11,887 INFO com.revature.Server [JettyServerThreadPool-24] Request at URL http://localhost:8081/users/ has started.
2022-11-30 21:31:13,503 INFO com.revature.Server [JettyServerThreadPool-37] Request at URL http://localhost:8081/users/1 has started.
2022-11-30 21:31:14,582 INFO com.revature.Server [JettyServerThreadPool-39] Request at URL http://localhost:8081/users/1 has started.
2022-11-30 21:31:18,221 INFO com.revature.Server [JettyServerThreadPool-37] Request at URL http://localhost:8081/users/:userId has started.
2022-11-30 21:31:20,640 INFO com.revature.Server [JettyServerThreadPool-39] Request at URL http://localhost:8081/users/:userId/update-profile has started.
2022-11-30 21:31:22,215 INFO com.revature.Server [JettyServerThreadPool-37] Request at URL http://localhost:8081/users/3/update-role/:roleId has started.
2022-11-30 21:31:25,592 INFO com.revature.Server [JettyServerThreadPool-39] Request at URL http://localhost:8081/users/username/mock has started.
2022-11-30 21:31:29,187 INFO com.revature.Server [JettyServerThreadPool-37] Request at URL http://localhost:8081/tickets/ has started.
2022-11-30 21:31:32,423 INFO com.revature.Server [JettyServerThreadPool-39] Request at URL http://localhost:8081/tickets/ has started.
2022-11-30 21:31:34,715 INFO com.revature.Server [JettyServerThreadPool-37] Request at URL http://localhost:8081/tickets/2 has started.
2022-11-30 21:31:38,064 INFO com.revature.Server [JettyServerThreadPool-39] Request at URL http://localhost:8081/users has started.
2022-11-30 21:31:38,111 INFO com.revature.dao.UserDaoImpl [JettyServerThreadPool-39] Our query to create user: 
INSERT INTO "User" ( "RoleId", "PasswordHash", "LastName", "Email", "FirstName", "UserName")
            VALUES (2, '123', 'doe', 'mockDoe@rev.net', 'jonh', 'mock2') RETURNING "UserId";
2022-11-30 21:31:40,646 INFO com.revature.Server [JettyServerThreadPool-37] Request at URL http://localhost:8081/tickets/3 has started.
2022-11-30 21:31:42,355 INFO com.revature.Server [JettyServerThreadPool-39] Request at URL http://localhost:8081/tickets/types/3/users/1 has started.
2022-11-30 21:31:44,648 INFO com.revature.Server [JettyServerThreadPool-37] Request at URL http://localhost:8081/tickets/status/1/users/1 has started.
2022-11-30 21:31:47,619 INFO com.revature.Server [JettyServerThreadPool-39] Request at URL http://localhost:8081/tickets/users/:userId has started.
2022-11-30 21:31:54,981 INFO com.revature.Server [JettyServerThreadPool-37] Request at URL http://localhost:8081/login has started.
2022-11-30 21:31:54,992 INFO com.revature.dao.UserDaoImpl [JettyServerThreadPool-37] Our query to retrieve user: 
SELECT * FROM "User" WHERE "UserName" = 'mock';
2022-11-30 21:31:58,654 INFO com.revature.Server [JettyServerThreadPool-39] Request at URL http://localhost:8081/login has started.
2022-11-30 21:31:58,656 INFO com.revature.dao.UserDaoImpl [JettyServerThreadPool-39] Our query to retrieve user: 
SELECT * FROM "User" WHERE "UserName" = 'mock';
2022-11-30 21:32:03,246 INFO com.revature.Server [JettyServerThreadPool-37] Request at URL http://localhost:8081/login has started.
2022-11-30 21:32:03,248 INFO com.revature.dao.UserDaoImpl [JettyServerThreadPool-37] Our query to retrieve user: 
SELECT * FROM "User" WHERE "UserName" = 'mock';
2022-11-30 21:32:04,827 INFO com.revature.Server [JettyServerThreadPool-39] Request at URL http://localhost:8081/users/1 has started.
2022-11-30 21:32:04,831 INFO com.revature.dao.UserDaoImpl [JettyServerThreadPool-39] Our query to retrieve user: 
SELECT * FROM "User" WHERE "UserId" = '1';
2022-11-30 21:32:06,941 INFO com.revature.Server [JettyServerThreadPool-37] Request at URL http://localhost:8081/users/ has started.
2022-11-30 21:32:06,944 INFO com.revature.dao.UserDaoImpl [JettyServerThreadPool-37] Our query to retrieve all users: 
SELECT * FROM "User";
2022-11-30 21:32:27,663 INFO com.revature.Server [JettyServerThreadPool-39] Request at URL http://localhost:8081/tickets/2 has started.
2022-11-30 21:32:27,666 INFO com.revature.dao.ReimbTicketDaoImpl [JettyServerThreadPool-39] Our query to retrieve ticket: 
SELECT * FROM "Reimbursement" WHERE "ReimbId" = '2';
2022-11-30 21:32:29,560 INFO com.revature.Server [JettyServerThreadPool-37] Request at URL http://localhost:8081/tickets/ has started.
2022-11-30 21:32:29,563 INFO com.revature.dao.ReimbTicketDaoImpl [JettyServerThreadPool-37] Our query to retrieve all tickets: 
SELECT * FROM "Reimbursement";
2022-11-30 21:35:19,600 INFO com.revature.Server [JettyServerThreadPool-39] Request at URL http://localhost:8081/tickets/ has started.
2022-11-30 21:35:23,766 INFO com.revature.Server [JettyServerThreadPool-25] Request at URL http://localhost:8081/login has started.
2022-11-30 21:35:23,794 INFO com.revature.dao.UserDaoImpl [JettyServerThreadPool-25] Our query to retrieve user: 
SELECT * FROM "User" WHERE "UserName" = 'mock';
2022-11-30 21:35:26,910 INFO com.revature.Server [JettyServerThreadPool-37] Request at URL http://localhost:8081/tickets/ has started.
2022-11-30 21:35:26,948 INFO com.revature.dao.ReimbTicketDaoImpl [JettyServerThreadPool-37] Our query to create ticket: 
INSERT INTO public."Reimbursement" ("ReimbId", "Amount", "Desc", "OwnerId", "StatusId", "TypeId")
 VALUES (DEFAULT, 1000000.000000, 'my first mill', 2, 1, 0) RETURNING "ReimbId";
2022-11-30 21:37:00,466 INFO com.revature.Server [JettyServerThreadPool-39] Request at URL http://localhost:8081/tickets/ has started.
2022-11-30 21:37:02,888 INFO com.revature.Server [JettyServerThreadPool-25] Request at URL http://localhost:8081/login has started.
2022-11-30 21:37:02,902 INFO com.revature.dao.UserDaoImpl [JettyServerThreadPool-25] Our query to retrieve user: 
SELECT * FROM "User" WHERE "UserName" = 'mock';
2022-11-30 21:37:04,775 INFO com.revature.Server [JettyServerThreadPool-37] Request at URL http://localhost:8081/tickets/2 has started.
2022-11-30 21:37:04,780 INFO com.revature.dao.ReimbTicketDaoImpl [JettyServerThreadPool-37] Our query to retrieve ticket: 
SELECT * FROM "Reimbursement" WHERE "ReimbId" = '2';
2022-11-30 21:37:08,351 INFO com.revature.Server [JettyServerThreadPool-39] Request at URL http://localhost:8081/tickets/ has started.
2022-11-30 21:37:08,365 INFO com.revature.dao.ReimbTicketDaoImpl [JettyServerThreadPool-39] Our query to create ticket: 
INSERT INTO public."Reimbursement" ("ReimbId", "Amount", "Desc", "OwnerId", "StatusId", "TypeId")
 VALUES (DEFAULT, 1000000.000000, 'my first mill', 2, 1, 3) RETURNING "ReimbId";
2022-11-30 21:39:10,689 INFO com.revature.Server [JettyServerThreadPool-37] Request at URL http://localhost:8081/tickets/ has started.
2022-11-30 21:39:10,692 INFO com.revature.dao.ReimbTicketDaoImpl [JettyServerThreadPool-37] Our query to create ticket: 
INSERT INTO public."Reimbursement" ("ReimbId", "Amount", "Desc", "OwnerId", "StatusId", "TypeId")
 VALUES (DEFAULT, 1000000000.000000, 'show me the moneyy!', 3, 1, 3) RETURNING "ReimbId";
2022-11-30 21:41:07,100 INFO com.revature.Server [JettyServerThreadPool-41] Request at URL http://localhost:8081/tickets/:ticketId has started.
2022-11-30 21:41:07,105 INFO com.revature.dao.ReimbTicketDaoImpl [JettyServerThreadPool-41] Our query to update ticket: 
UPDATE public."Reimbursement" SET ("Amount", "Resolved", "Desc", "ResolverId", "StatusId", "TypeId") =
    (101.000000, current_timestamp,'test ticket numero 2', 1, 2, 3) WHERE "ReimbId" = 3 RETURNING "ReimbId";
2022-11-30 22:04:57,148 INFO com.revature.Server [JettyServerThreadPool-37] Request at URL http://localhost:8081/tickets/:ticketId has started.
2022-11-30 22:05:02,341 INFO com.revature.Server [JettyServerThreadPool-24] Request at URL http://localhost:8081/login has started.
2022-11-30 22:05:02,359 INFO com.revature.dao.UserDaoImpl [JettyServerThreadPool-24] Our query to retrieve user: 
SELECT * FROM "User" WHERE "UserName" = 'mock';
2022-11-30 23:17:02,153 INFO com.revature.Server [JettyServerThreadPool-39] Request at URL http://localhost:8081/tickets/:ticketId has started.
2022-11-30 23:17:07,780 INFO com.revature.Server [JettyServerThreadPool-25] Request at URL http://localhost:8081/login has started.
2022-11-30 23:17:07,797 INFO com.revature.dao.UserDaoImpl [JettyServerThreadPool-25] Our query to retrieve user: 
SELECT * FROM "User" WHERE "UserName" = 'mock';
2022-11-30 23:17:11,423 INFO com.revature.Server [JettyServerThreadPool-37] Request at URL http://localhost:8081/tickets/:ticketId has started.
2022-11-30 23:17:22,514 INFO com.revature.Server [JettyServerThreadPool-39] Request at URL http://localhost:8081/login has started.
2022-11-30 23:17:22,519 INFO com.revature.dao.UserDaoImpl [JettyServerThreadPool-39] Our query to retrieve user: 
SELECT * FROM "User" WHERE "UserName" = 'mock2';
2022-11-30 23:17:26,839 INFO com.revature.Server [JettyServerThreadPool-37] Request at URL http://localhost:8081/tickets/:ticketId has started.
2022-11-30 23:17:26,900 INFO com.revature.dao.ReimbTicketDaoImpl [JettyServerThreadPool-37] Our query to retrieve ticket: 
SELECT * FROM "Reimbursement" WHERE "ReimbId" = '3';
2022-11-30 23:18:26,668 INFO com.revature.Server [JettyServerThreadPool-26] Request at URL http://localhost:8081/tickets/:ticketId has started.
2022-11-30 23:18:26,674 INFO com.revature.dao.ReimbTicketDaoImpl [JettyServerThreadPool-26] Our query to retrieve ticket: 
SELECT * FROM "Reimbursement" WHERE "ReimbId" = '1';
2022-11-30 23:21:49,468 INFO com.revature.Server [JettyServerThreadPool-39] Request at URL http://localhost:8081/tickets/:ticketId has started.
2022-11-30 23:21:52,511 INFO com.revature.Server [JettyServerThreadPool-24] Request at URL http://localhost:8081/login has started.
2022-11-30 23:21:52,526 INFO com.revature.dao.UserDaoImpl [JettyServerThreadPool-24] Our query to retrieve user: 
SELECT * FROM "User" WHERE "UserName" = 'mock2';
2022-11-30 23:21:55,132 INFO com.revature.Server [JettyServerThreadPool-37] Request at URL http://localhost:8081/tickets/:ticketId has started.
2022-11-30 23:21:55,189 INFO com.revature.dao.ReimbTicketDaoImpl [JettyServerThreadPool-37] Our query to retrieve ticket: 
SELECT * FROM "Reimbursement" WHERE "ReimbId" = '6';
2022-11-30 23:21:55,193 INFO com.revature.dao.ReimbTicketDaoImpl [JettyServerThreadPool-37] Our query to update ticket: 
UPDATE public."Reimbursement" SET ("Resolved", "ResolverId", "StatusId") =
    (current_timestamp, 2, 2) WHERE "ReimbId" = 6 RETURNING "ReimbId";
2022-11-30 23:22:21,386 INFO com.revature.Server [JettyServerThreadPool-39] Request at URL http://localhost:8081/tickets/:ticketId has started.
2022-11-30 23:22:21,393 INFO com.revature.dao.ReimbTicketDaoImpl [JettyServerThreadPool-39] Our query to retrieve ticket: 
SELECT * FROM "Reimbursement" WHERE "ReimbId" = '6';
2022-11-30 23:23:26,113 INFO com.revature.Server [JettyServerThreadPool-25] Request at URL http://localhost:8081/login has started.
2022-11-30 23:23:26,116 INFO com.revature.dao.UserDaoImpl [JettyServerThreadPool-25] Our query to retrieve user: 
SELECT * FROM "User" WHERE "UserName" = 'mock2';
2022-11-30 23:23:38,838 INFO com.revature.Server [JettyServerThreadPool-37] Request at URL http://localhost:8081/login has started.
2022-11-30 23:23:38,841 INFO com.revature.dao.UserDaoImpl [JettyServerThreadPool-37] Our query to retrieve user: 
SELECT * FROM "User" WHERE "UserName" = 'mock';
2022-11-30 23:23:41,272 INFO com.revature.Server [JettyServerThreadPool-24] Request at URL http://localhost:8081/login has started.
2022-11-30 23:23:41,276 INFO com.revature.dao.UserDaoImpl [JettyServerThreadPool-24] Our query to retrieve user: 
SELECT * FROM "User" WHERE "UserName" = 'mock2';
2022-11-30 23:27:34,447 INFO com.revature.Server [JettyServerThreadPool-39] Request at URL http://localhost:8081/tickets/:ticketId has started.
2022-11-30 23:27:38,048 INFO com.revature.Server [JettyServerThreadPool-24] Request at URL http://localhost:8081/login has started.
2022-11-30 23:27:38,069 INFO com.revature.dao.UserDaoImpl [JettyServerThreadPool-24] Our query to retrieve user: 
SELECT * FROM "User" WHERE "UserName" = 'mock2';
2022-11-30 23:27:43,729 INFO com.revature.Server [JettyServerThreadPool-37] Request at URL http://localhost:8081/tickets/:ticketId has started.
2022-11-30 23:27:43,787 INFO com.revature.dao.ReimbTicketDaoImpl [JettyServerThreadPool-37] Our query to retrieve ticket: 
SELECT * FROM "Reimbursement" WHERE "ReimbId" = '6';
2022-11-30 23:27:48,603 INFO com.revature.Server [JettyServerThreadPool-39] Request at URL http://localhost:8081/tickets/:ticketId has started.
2022-11-30 23:27:48,609 INFO com.revature.dao.ReimbTicketDaoImpl [JettyServerThreadPool-39] Our query to retrieve ticket: 
SELECT * FROM "Reimbursement" WHERE "ReimbId" = '6';
2022-11-30 23:40:26,763 INFO com.revature.Server [JettyServerThreadPool-39] Request at URL http://localhost:8081/login has started.
2022-11-30 23:40:26,784 INFO com.revature.dao.UserDaoImpl [JettyServerThreadPool-39] Our query to retrieve user: 
SELECT * FROM "User" WHERE "UserName" = 'mock2';
2022-11-30 23:40:30,770 INFO com.revature.Server [JettyServerThreadPool-25] Request at URL http://localhost:8081/tickets/users/1 has started.
2022-11-30 23:41:44,497 INFO com.revature.Server [JettyServerThreadPool-24] Request at URL http://localhost:8081/login has started.
2022-11-30 23:41:44,501 INFO com.revature.dao.UserDaoImpl [JettyServerThreadPool-24] Our query to retrieve user: 
SELECT * FROM "User" WHERE "UserName" = 'mock2';
2022-11-30 23:42:07,217 INFO com.revature.Server [JettyServerThreadPool-24] Request at URL http://localhost:8081/tickets/users/1 has started.
2022-11-30 23:42:13,218 INFO com.revature.Server [JettyServerThreadPool-37] Request at URL http://localhost:8081/login has started.
2022-11-30 23:42:13,224 INFO com.revature.dao.UserDaoImpl [JettyServerThreadPool-37] Our query to retrieve user: 
SELECT * FROM "User" WHERE "UserName" = 'mock';
2022-11-30 23:42:17,746 INFO com.revature.Server [JettyServerThreadPool-40] Request at URL http://localhost:8081/tickets/users/1 has started.
2022-11-30 23:43:16,711 INFO com.revature.Server [JettyServerThreadPool-39] Request at URL http://localhost:8081/tickets/users/1 has started.
2022-11-30 23:43:20,321 INFO com.revature.Server [JettyServerThreadPool-25] Request at URL http://localhost:8081/login has started.
2022-11-30 23:43:20,337 INFO com.revature.dao.UserDaoImpl [JettyServerThreadPool-25] Our query to retrieve user: 
SELECT * FROM "User" WHERE "UserName" = 'mock2';
2022-11-30 23:43:22,744 INFO com.revature.Server [JettyServerThreadPool-37] Request at URL http://localhost:8081/tickets/users/1 has started.
2022-11-30 23:43:22,751 INFO com.revature.dao.ReimbTicketDaoImpl [JettyServerThreadPool-37] Our query to retrieve all tickets: 
SELECT * FROM "Reimbursement" WHERE "OwnerId" = 1
2022-11-30 23:43:27,146 INFO com.revature.Server [JettyServerThreadPool-39] Request at URL http://localhost:8081/login has started.
2022-11-30 23:43:27,150 INFO com.revature.dao.UserDaoImpl [JettyServerThreadPool-39] Our query to retrieve user: 
SELECT * FROM "User" WHERE "UserName" = 'mock';
2022-11-30 23:43:30,263 INFO com.revature.Server [JettyServerThreadPool-37] Request at URL http://localhost:8081/tickets/users/1 has started.
2022-11-30 23:43:30,268 INFO com.revature.dao.ReimbTicketDaoImpl [JettyServerThreadPool-37] Our query to retrieve all tickets: 
SELECT * FROM "Reimbursement" WHERE "OwnerId" = 1
2022-11-30 23:43:45,044 INFO com.revature.Server [JettyServerThreadPool-39] Request at URL http://localhost:8081/login has started.
2022-11-30 23:43:45,047 INFO com.revature.dao.UserDaoImpl [JettyServerThreadPool-39] Our query to retrieve user: 
SELECT * FROM "User" WHERE "UserName" = 'mock';
2022-11-30 23:43:49,430 INFO com.revature.Server [JettyServerThreadPool-37] Request at URL http://localhost:8081/tickets/users/2 has started.
